22:40:47 **** Incremental Build of configuration Debug for project can_f1 ****
make -j4 all 
arm-none-eabi-gcc "../Core/Src/can.c" -mcpu=cortex-m3 -std=gnu11 -g3 -DDEBUG -DUSE_HAL_DRIVER -DSTM32F103xB -c -I../Core/Inc -I../Drivers/STM32F1xx_HAL_Driver/Inc/Legacy -I../Drivers/STM32F1xx_HAL_Driver/Inc -I../Drivers/CMSIS/Device/ST/STM32F1xx/Include -I../Drivers/CMSIS/Include -O0 -ffunction-sections -fdata-sections -Wall -fstack-usage -fcyclomatic-complexity -MMD -MP -MF"Core/Src/can.d" -MT"Core/Src/can.o" --specs=nano.specs -mfloat-abi=soft -mthumb -o "Core/Src/can.o"
../Core/Src/can.c: In function 'CAN_ProcessStateMachine':
../Core/Src/can.c:64:13: warning: unused variable 'diagnostic_counter' [-Wunused-variable]
   64 |     uint8_t diagnostic_counter = 0;  // Счетчик для диагностических сообщений
      |             ^~~~~~~~~~~~~~~~~~
../Core/Src/can.c:62:13: warning: unused variable 'expected_version' [-Wunused-variable]
   62 |     uint8_t expected_version[] = {0x00, 0x01};
      |             ^~~~~~~~~~~~~~~~
../Core/Src/can.c:61:13: warning: unused variable 'expected_response_id' [-Wunused-variable]
   61 |     uint8_t expected_response_id[] = {0xCC, 0xDD};
      |             ^~~~~~~~~~~~~~~~~~~~
arm-none-eabi-gcc -o "can_f1.elf" @"objects.list"   -mcpu=cortex-m3 -T"C:\Users\user\Desktop\work space stm32\STM32_PROGECT_LCD\can_f1\STM32F103C8TX_FLASH.ld" --specs=nosys.specs -Wl,-Map="can_f1.map" -Wl,--gc-sections -static --specs=nano.specs -mfloat-abi=soft -mthumb -Wl,--start-group -lc -lm -Wl,--end-group
Finished building target: can_f1.elf
 
arm-none-eabi-size   can_f1.elf 
arm-none-eabi-objdump -h -S  can_f1.elf  > "can_f1.list"
   text	   data	    bss	    dec	    hex	filename
  16012	    100	   2036	  18148	   46e4	can_f1.elf
Finished building: default.size.stdout
 
Finished building: can_f1.list
 
22:40:51 **** Incremental Build of configuration Debug for project can_f1 ****
make -j4 all 
arm-none-eabi-size   can_f1.elf 
   text	   data	    bss	    dec	    hex	filename
  16012	    100	   2036	  18148	   46e4	can_f1.elf
Finished building: default.size.stdout
 
